This is pdfTeX, Version 3.1415926-1.40.11 (MiKTeX 2.9) (preloaded format=pdflatex 2017.5.11)  13 MAY 2017 22:42
entering extended mode
**C:/Users/Kang*Sun/Documents/GitHub/Oversampling_matlab/report/L2_to_L3.tex
("C:/Users/Kang Sun/Documents/GitHub/Oversampling_matlab/report/L2_to_L3.tex"
LaTeX2e <2009/09/24>
Babel <v3.8l> and hyphenation patterns for loaded.
(C:\CTEX\MiKTeX\tex\latex\base\article.cls
Document Class: article 2007/10/19 v1.4h Standard LaTeX document class
(C:\CTEX\MiKTeX\tex\latex\base\size12.clo
File: size12.clo 2007/10/19 v1.4h Standard LaTeX file (size option)
)
\c@part=\count79
\c@section=\count80
\c@subsection=\count81
\c@subsubsection=\count82
\c@paragraph=\count83
\c@subparagraph=\count84
\c@figure=\count85
\c@table=\count86
\abovecaptionskip=\skip41
\belowcaptionskip=\skip42
\bibindent=\dimen102
)
(C:\CTEX\MiKTeX\tex\latex\ams\math\amsmath.sty
Package: amsmath 2000/07/18 v2.13 AMS math features
\@mathmargin=\skip43

For additional information on amsmath, use the `?' option.
(C:\CTEX\MiKTeX\tex\latex\ams\math\amstext.sty
Package: amstext 2000/06/29 v2.01

(C:\CTEX\MiKTeX\tex\latex\ams\math\amsgen.sty
File: amsgen.sty 1999/11/30 v2.0
\@emptytoks=\toks14
\ex@=\dimen103
))
(C:\CTEX\MiKTeX\tex\latex\ams\math\amsbsy.sty
Package: amsbsy 1999/11/29 v1.2d
\pmbraise@=\dimen104
)
(C:\CTEX\MiKTeX\tex\latex\ams\math\amsopn.sty
Package: amsopn 1999/12/14 v2.01 operator names
)
\inf@bad=\count87
LaTeX Info: Redefining \frac on input line 211.
\uproot@=\count88
\leftroot@=\count89
LaTeX Info: Redefining \overline on input line 307.
\classnum@=\count90
\DOTSCASE@=\count91
LaTeX Info: Redefining \ldots on input line 379.
LaTeX Info: Redefining \dots on input line 382.
LaTeX Info: Redefining \cdots on input line 467.
\Mathstrutbox@=\box26
\strutbox@=\box27
\big@size=\dimen105
LaTeX Font Info:    Redeclaring font encoding OML on input line 567.
LaTeX Font Info:    Redeclaring font encoding OMS on input line 568.
\macc@depth=\count92
\c@MaxMatrixCols=\count93
\dotsspace@=\muskip10
\c@parentequation=\count94
\dspbrk@lvl=\count95
\tag@help=\toks15
\row@=\count96
\column@=\count97
\maxfields@=\count98
\andhelp@=\toks16
\eqnshift@=\dimen106
\alignsep@=\dimen107
\tagshift@=\dimen108
\tagwidth@=\dimen109
\totwidth@=\dimen110
\lineht@=\dimen111
\@envbody=\toks17
\multlinegap=\skip44
\multlinetaggap=\skip45
\mathdisplay@stack=\toks18
LaTeX Info: Redefining \[ on input line 2666.
LaTeX Info: Redefining \] on input line 2667.
)
(C:\CTEX\MiKTeX\tex\latex\geometry\geometry.sty
Package: geometry 2010/09/12 v5.6 Page Geometry

(C:\CTEX\MiKTeX\tex\latex\graphics\keyval.sty
Package: keyval 1999/03/16 v1.13 key=value parser (DPC)
\KV@toks@=\toks19
)
(C:\CTEX\MiKTeX\tex\generic\oberdiek\ifpdf.sty
Package: ifpdf 2010/01/28 v2.1 Provides the ifpdf switch (HO)
Package ifpdf Info: pdfTeX in pdf mode detected.
)
(C:\CTEX\MiKTeX\tex\generic\oberdiek\ifvtex.sty
Package: ifvtex 2010/03/01 v1.5 Switches for detecting VTeX and its modes (HO)
Package ifvtex Info: VTeX not detected.
)
(C:\CTEX\MiKTeX\tex\generic\ifxetex\ifxetex.sty
Package: ifxetex 2010/09/12 v0.6 Provides ifxetex conditional
)
\Gm@cnth=\count99
\Gm@cntv=\count100
\c@Gm@tempcnt=\count101
\Gm@bindingoffset=\dimen112
\Gm@wd@mp=\dimen113
\Gm@odd@mp=\dimen114
\Gm@even@mp=\dimen115
\Gm@layoutwidth=\dimen116
\Gm@layoutheight=\dimen117
\Gm@layouthoffset=\dimen118
\Gm@layoutvoffset=\dimen119
\Gm@dimlist=\toks20

(C:\CTEX\MiKTeX\tex\latex\geometry\geometry.cfg))
(C:\CTEX\UserData\tex\latex\setspace\setspace.sty
Package: setspace 2011/12/19 v6.7a set line spacing
)
(C:\CTEX\UserData\tex\latex\lineno\lineno.sty
Package: lineno 2005/11/02 line numbers on paragraphs v4.41
\linenopenalty=\count102
\output=\toks21
\linenoprevgraf=\count103
\linenumbersep=\dimen120
\linenumberwidth=\dimen121
\c@linenumber=\count104
\c@pagewiselinenumber=\count105
\c@LN@truepage=\count106
\c@internallinenumber=\count107
\c@internallinenumbers=\count108
\quotelinenumbersep=\dimen122
\bframerule=\dimen123
\bframesep=\dimen124
\bframebox=\box28
LaTeX Info: Redefining \\ on input line 3056.
)
(C:\CTEX\UserData\tex\latex\placeins\placeins.sty
Package: placeins 2005/04/18  v 2.2
)
(C:\CTEX\UserData\tex\latex\subfig\subfig.sty
Package: subfig 2005/06/28 ver: 1.3 subfig package

(C:\CTEX\UserData\tex\latex\caption\caption.sty
Package: caption 2013/05/02 v3.3-89 Customizing captions (AR)

(C:\CTEX\UserData\tex\latex\caption\caption3.sty
Package: caption3 2013/05/02 v1.6-88 caption3 kernel (AR)
Package caption3 Info: TeX engine: e-TeX on input line 57.
\captionmargin=\dimen125
\captionmargin@=\dimen126
\captionwidth=\dimen127
\caption@tempdima=\dimen128
\caption@indent=\dimen129
\caption@parindent=\dimen130
\caption@hangindent=\dimen131
)
\c@ContinuedFloat=\count109
)
\c@KVtest=\count110
\sf@farskip=\skip46
\sf@captopadj=\dimen132
\sf@capskip=\skip47
\sf@nearskip=\skip48
\c@subfigure=\count111
\c@subfigure@save=\count112
\c@lofdepth=\count113
\c@subtable=\count114
\c@subtable@save=\count115
\c@lotdepth=\count116
\sf@top=\skip49
\sf@bottom=\skip50
)
(C:\CTEX\UserData\tex\latex\threeparttable\threeparttable.sty
Package: threeparttable 2003/06/13  v 3.0
\@tempboxb=\box29
)
(C:\CTEX\UserData\tex\latex\booktabs\booktabs.sty
Package: booktabs 2005/04/14 v1.61803 publication quality tables
\heavyrulewidth=\dimen133
\lightrulewidth=\dimen134
\cmidrulewidth=\dimen135
\belowrulesep=\dimen136
\belowbottomsep=\dimen137
\aboverulesep=\dimen138
\abovetopsep=\dimen139
\cmidrulesep=\dimen140
\cmidrulekern=\dimen141
\defaultaddspace=\dimen142
\@cmidla=\count117
\@cmidlb=\count118
\@aboverulesep=\dimen143
\@belowrulesep=\dimen144
\@thisruleclass=\count119
\@lastruleclass=\count120
\@thisrulewidth=\dimen145
)
(C:\CTEX\UserData\tex\latex\natbib\natbib.sty
Package: natbib 2010/09/13 8.31b (PWD, AO)
\bibhang=\skip51
\bibsep=\skip52
LaTeX Info: Redefining \cite on input line 694.
\c@NAT@ctr=\count121
)
(C:\CTEX\MiKTeX\tex\latex\tools\longtable.sty
Package: longtable 2004/02/01 v4.11 Multi-page Table package (DPC)
\LTleft=\skip53
\LTright=\skip54
\LTpre=\skip55
\LTpost=\skip56
\LTchunksize=\count122
\LTcapwidth=\dimen146
\LT@head=\box30
\LT@firsthead=\box31
\LT@foot=\box32
\LT@lastfoot=\box33
\LT@cols=\count123
\LT@rows=\count124
\c@LT@tables=\count125
\c@LT@chunks=\count126
\LT@p@ftn=\toks22
)
(C:\CTEX\MiKTeX\tex\latex\multirow\multirow.sty
\bigstrutjot=\dimen147
)
(C:\CTEX\MiKTeX\tex\latex\graphics\graphicx.sty
Package: graphicx 1999/02/16 v1.0f Enhanced LaTeX Graphics (DPC,SPQR)

(C:\CTEX\MiKTeX\tex\latex\graphics\graphics.sty
Package: graphics 2009/02/05 v1.0o Standard LaTeX Graphics (DPC,SPQR)

(C:\CTEX\MiKTeX\tex\latex\graphics\trig.sty
Package: trig 1999/03/16 v1.09 sin cos tan (DPC)
)
(C:\CTEX\MiKTeX\tex\latex\00miktex\graphics.cfg
File: graphics.cfg 2007/01/18 v1.5 graphics configuration of teTeX/TeXLive
)
Package graphics Info: Driver file: pdftex.def on input line 91.

(C:\CTEX\MiKTeX\tex\latex\pdftex-def\pdftex.def
File: pdftex.def 2010/11/26 v0.05c Graphics/color for pdfTeX
\Gread@gobject=\count127
))
\Gin@req@height=\dimen148
\Gin@req@width=\dimen149
)
(C:\CTEX\MiKTeX\tex\latex\oberdiek\grffile.sty
Package: grffile 2010/01/28 v1.11 Extended file name support for graphics (HO)

(C:\CTEX\MiKTeX\tex\latex\oberdiek\kvoptions.sty
Package: kvoptions 2010/02/22 v3.7 Keyval support for LaTeX options (HO)

(C:\CTEX\MiKTeX\tex\generic\oberdiek\kvsetkeys.sty
Package: kvsetkeys 2010/03/01 v1.9 Key value parser (HO)

(C:\CTEX\MiKTeX\tex\generic\oberdiek\infwarerr.sty
Package: infwarerr 2010/04/08 v1.3 Providing info/warning/message (HO)
)
(C:\CTEX\MiKTeX\tex\generic\oberdiek\etexcmds.sty
Package: etexcmds 2010/01/28 v1.3 Prefix for e-TeX command names (HO)
Package etexcmds Info: Could not find \expanded.
(etexcmds)             That can mean that you are not using pdfTeX 1.50 or
(etexcmds)             that some package has redefined \expanded.
(etexcmds)             In the latter case, load this package earlier.
)))
(C:\CTEX\MiKTeX\tex\generic\oberdiek\pdftexcmds.sty
Package: pdftexcmds 2010/04/01 v0.9 Utility functions of pdfTeX for LuaTeX (HO)


(C:\CTEX\MiKTeX\tex\generic\oberdiek\ifluatex.sty
Package: ifluatex 2010/03/01 v1.3 Provides the ifluatex switch (HO)
Package ifluatex Info: LuaTeX not detected.
)
(C:\CTEX\MiKTeX\tex\generic\oberdiek\ltxcmds.sty
Package: ltxcmds 2010/04/26 v1.7 LaTeX kernel commands for general use (HO)
)
Package pdftexcmds Info: LuaTeX not detected.
Package pdftexcmds Info: \pdf@primitive is available.
Package pdftexcmds Info: \pdf@ifprimitive is available.
)
Package grffile Info: Option `multidot' is set to `true'.
Package grffile Info: Option `extendedchars' is set to `false'.
Package grffile Info: Option `space' is set to `true'.
)
(C:\CTEX\MiKTeX\tex\latex\graphics\color.sty
Package: color 2005/11/14 v1.0j Standard LaTeX Color (DPC)

(C:\CTEX\MiKTeX\tex\latex\00miktex\color.cfg
File: color.cfg 2007/01/18 v1.5 color configuration of teTeX/TeXLive
)
Package color Info: Driver file: pdftex.def on input line 130.
)
(C:\CTEX\MiKTeX\tex\latex\hyperref\hyperref.sty
Package: hyperref 2010/11/26 v6.81v Hypertext links for LaTeX

(C:\CTEX\MiKTeX\tex\generic\oberdiek\pdfescape.sty
Package: pdfescape 2010/03/01 v1.9 Provides hex, PDF name and string conversion
s (HO)
)
(C:\CTEX\MiKTeX\tex\latex\oberdiek\hycolor.sty
Package: hycolor 2009/12/12 v1.6 Color options of hyperref/bookmark (HO)

(C:\CTEX\MiKTeX\tex\latex\oberdiek\xcolor-patch.sty
Package: xcolor-patch 2009/12/12 xcolor patch
))
(C:\CTEX\MiKTeX\tex\latex\oberdiek\letltxmacro.sty
Package: letltxmacro 2008/06/24 v1.3 Let assignment for LaTeX macros (HO)
)
\@linkdim=\dimen150
\Hy@linkcounter=\count128
\Hy@pagecounter=\count129

(C:\CTEX\MiKTeX\tex\latex\hyperref\pd1enc.def
File: pd1enc.def 2010/11/26 v6.81v Hyperref: PDFDocEncoding definition (HO)
)
(C:\CTEX\MiKTeX\tex\generic\oberdiek\intcalc.sty
Package: intcalc 2007/09/27 v1.1 Expandable integer calculations (HO)
)
\Hy@SavedSpaceFactor=\count130

(C:\CTEX\MiKTeX\tex\latex\00miktex\hyperref.cfg
File: hyperref.cfg 2002/06/06 v1.2 hyperref configuration of TeXLive
)
Package hyperref Info: Hyper figures OFF on input line 3993.
Package hyperref Info: Link nesting OFF on input line 3998.
Package hyperref Info: Hyper index ON on input line 4001.
Package hyperref Info: Plain pages OFF on input line 4008.
Package hyperref Info: Backreferencing OFF on input line 4013.
Package hyperref Info: Implicit mode ON; LaTeX internals redefined.
Package hyperref Info: Bookmarks ON on input line 4228.
\c@Hy@tempcnt=\count131

(C:\CTEX\MiKTeX\tex\latex\ltxmisc\url.sty
\Urlmuskip=\muskip11
Package: url 2006/04/12  ver 3.3  Verb mode for urls, etc.
)
LaTeX Info: Redefining \url on input line 4583.

(C:\CTEX\MiKTeX\tex\generic\oberdiek\bitset.sty
Package: bitset 2007/09/28 v1.0 Data type bit set (HO)

(C:\CTEX\MiKTeX\tex\generic\oberdiek\bigintcalc.sty
Package: bigintcalc 2007/11/11 v1.1 Expandable big integer calculations (HO)
))
\Fld@menulength=\count132
\Field@Width=\dimen151
\Fld@charsize=\dimen152
Package hyperref Info: Hyper figures OFF on input line 5667.
Package hyperref Info: Link nesting OFF on input line 5672.
Package hyperref Info: Hyper index ON on input line 5675.
Package hyperref Info: backreferencing OFF on input line 5682.
Package hyperref Info: Link coloring OFF on input line 5687.
Package hyperref Info: Link coloring with OCG OFF on input line 5692.
Package hyperref Info: PDF/A mode OFF on input line 5697.
LaTeX Info: Redefining \ref on input line 5737.
LaTeX Info: Redefining \pageref on input line 5741.

(C:\CTEX\MiKTeX\tex\generic\oberdiek\atbegshi.sty
Package: atbegshi 2010/03/25 v1.12 At begin shipout hook (HO)
)
\Hy@abspage=\count133
\c@Item=\count134
\c@Hfootnote=\count135
)

Package hyperref Message: Driver (autodetected): hpdftex.

(C:\CTEX\MiKTeX\tex\latex\hyperref\hpdftex.def
File: hpdftex.def 2010/11/26 v6.81v Hyperref driver for pdfTeX

(C:\CTEX\MiKTeX\tex\latex\oberdiek\atveryend.sty
Package: atveryend 2010/03/24 v1.5 Hooks at very end of document (HO)
Package atveryend Info: \enddocument detected (standard).
)
\Fld@listcount=\count136
\c@bookmark@seq@number=\count137

(C:\CTEX\MiKTeX\tex\latex\oberdiek\rerunfilecheck.sty
Package: rerunfilecheck 2010/03/16 v1.6 Rerun checks for auxiliary files (HO)

(C:\CTEX\MiKTeX\tex\generic\oberdiek\uniquecounter.sty
Package: uniquecounter 2009/12/18 v1.1 Provides unlimited unique counter (HO)
)
Package uniquecounter Info: New unique counter `rerunfilecheck' on input line 2
71.
)
\Hy@SectionHShift=\skip57
)
(C:\CTEX\UserData\tex\latex\was\gensymb.sty
Package: gensymb 2003/07/02 v1.0 (WaS)
)

LaTeX Warning: Unused global option(s):
    [hidelinks].

("C:\Users\Kang Sun\Documents\GitHub\Oversampling_matlab\report\L2_to_L3.aux")
LaTeX Font Info:    Checking defaults for OML/cmm/m/it on input line 34.
LaTeX Font Info:    ... okay on input line 34.
LaTeX Font Info:    Checking defaults for T1/cmr/m/n on input line 34.
LaTeX Font Info:    ... okay on input line 34.
LaTeX Font Info:    Checking defaults for OT1/cmr/m/n on input line 34.
LaTeX Font Info:    ... okay on input line 34.
LaTeX Font Info:    Checking defaults for OMS/cmsy/m/n on input line 34.
LaTeX Font Info:    ... okay on input line 34.
LaTeX Font Info:    Checking defaults for OMX/cmex/m/n on input line 34.
LaTeX Font Info:    ... okay on input line 34.
LaTeX Font Info:    Checking defaults for U/cmr/m/n on input line 34.
LaTeX Font Info:    ... okay on input line 34.
LaTeX Font Info:    Checking defaults for PD1/pdf/m/n on input line 34.
LaTeX Font Info:    ... okay on input line 34.

*geometry* driver: auto-detecting
*geometry* detected driver: pdftex
*geometry* verbose mode - [ preamble ] result:
* driver: pdftex
* paper: letterpaper
* layout: <same size as paper>
* layoutoffset:(h,v)=(0.0pt,0.0pt)
* modes: 
* h-part:(L,W,R)=(54.2025pt, 505.89pt, 54.2025pt)
* v-part:(T,H,B)=(54.2025pt, 686.56499pt, 54.2025pt)
* \paperwidth=614.295pt
* \paperheight=794.96999pt
* \textwidth=505.89pt
* \textheight=686.56499pt
* \oddsidemargin=-18.06749pt
* \evensidemargin=-18.06749pt
* \topmargin=-55.06749pt
* \headheight=12.0pt
* \headsep=25.0pt
* \topskip=12.0pt
* \footskip=30.0pt
* \marginparwidth=44.0pt
* \marginparsep=10.0pt
* \columnsep=10.0pt
* \skip\footins=10.8pt plus 4.0pt minus 2.0pt
* \hoffset=0.0pt
* \voffset=0.0pt
* \mag=1000
* \@twocolumnfalse
* \@twosidefalse
* \@mparswitchfalse
* \@reversemarginfalse
* (1in=72.27pt=25.4mm, 1cm=28.453pt)

Package caption Info: Begin \AtBeginDocument code.
Package caption Info: subfig package v1.3 is loaded.
Package caption Info: hyperref package is loaded.
Package caption Info: longtable package is loaded.
(C:\CTEX\UserData\tex\latex\caption\ltcaption.sty
Package: ltcaption 2013/02/03 v1.3-62 longtable captions (AR)
)
Package caption Info: threeparttable package is loaded.
Package caption Info: End \AtBeginDocument code.

(C:\CTEX\UserData\tex\context\base\supp-pdf.mkii
[Loading MPS to PDF converter (version 2006.09.02).]
\scratchcounter=\count138
\scratchdimen=\dimen153
\scratchbox=\box34
\nofMPsegments=\count139
\nofMParguments=\count140
\everyMPshowfont=\toks23
\MPscratchCnt=\count141
\MPscratchDim=\dimen154
\MPnumerator=\count142
\makeMPintoPDFobject=\count143
\everyMPtoPDFconversion=\toks24
)
\AtBeginShipoutBox=\box35
Package hyperref Info: Link coloring OFF on input line 34.
 (C:\CTEX\MiKTeX\tex\latex\hyperref\nameref.sty
Package: nameref 2010/04/30 v2.40 Cross-referencing by name of section

(C:\CTEX\MiKTeX\tex\latex\oberdiek\refcount.sty
Package: refcount 2008/08/11 v3.1 Data extraction from references (HO)
)
(C:\CTEX\MiKTeX\tex\generic\oberdiek\gettitlestring.sty
Package: gettitlestring 2009/12/18 v1.3 Cleanup title references (HO)
)
\c@section@level=\count144
)
LaTeX Info: Redefining \ref on input line 34.
LaTeX Info: Redefining \pageref on input line 34.
LaTeX Info: Redefining \nameref on input line 34.

("C:\Users\Kang Sun\Documents\GitHub\Oversampling_matlab\report\L2_to_L3.out")
("C:\Users\Kang Sun\Documents\GitHub\Oversampling_matlab\report\L2_to_L3.out")
\@outlinefile=\write3
LaTeX Info: Redefining \celsius on input line 34.
Package gensymb Info: Faking symbols for \degree and \celsius on input line 34.



Package gensymb Warning: Not defining \perthousand.

LaTeX Info: Redefining \ohm on input line 34.
Package gensymb Info: Using \Omega for \ohm on input line 34.

Package gensymb Warning: Not defining \micro.

<../plot/omi_pixel.pdf, id=23, 282.71623pt x 489.63928pt>
File: ../plot/omi_pixel.pdf Graphic file (type pdf)

<use ../plot/omi_pixel.pdf>
<../plot/ellipse_pixel.pdf, id=24, 282.71623pt x 489.63928pt>
File: ../plot/ellipse_pixel.pdf Graphic file (type pdf)

<use ../plot/ellipse_pixel.pdf> [1

{C:/CTEX/UserData/pdftex/config/pdftex.map{Unicode.sfd}{UGBK.sfd}} <C:/Users/Ka
ng Sun/Documents/GitHub/Oversampling_matlab/plot/omi_pixel.pdf> <C:/Users/Kang 
Sun/Documents/GitHub/Oversampling_matlab/plot/ellipse_pixel.pdf>]
<../plot/spatial_response.pdf, id=48, 287.28328pt x 474.42242pt>
File: ../plot/spatial_response.pdf Graphic file (type pdf)

<use ../plot/spatial_response.pdf> [2 <C:/Users/Kang Sun/Documents/GitHub/Overs
ampling_matlab/plot/spatial_response.pdf>]
<../plot/amt_fig9.png, id=74, 540.51938pt x 479.54156pt>
File: ../plot/amt_fig9.png Graphic file (type png)

<use ../plot/amt_fig9.png>
<../plot/SRF_weight_inflate_1.5_2_Res_0.1_simplearea_0.pdf, id=85, 282.71623pt 
x 526.15572pt>
File: ../plot/SRF_weight_inflate_1.5_2_Res_0.1_simplearea_0.pdf Graphic file (t
ype pdf)
 <use ../plot/SRF_weight_inflate_1.5_2_Res_0.1_simplearea_0.pdf>
<../plot/SRF_weight_inflate_1.5_2_Res_0.1_simplearea_1.pdf, id=86, 282.71623pt 
x 526.15572pt>
File: ../plot/SRF_weight_inflate_1.5_2_Res_0.1_simplearea_1.pdf Graphic file (t
ype pdf)
 <use ../plot/SRF_weight_inflate_1.5_2_Res_0.1_simplearea_1.pdf>
<../plot/SRF_weight_inflate_1.5_2_Res_0.02_simplearea_0.pdf, id=87, 282.71623pt
 x 526.15572pt>
File: ../plot/SRF_weight_inflate_1.5_2_Res_0.02_simplearea_0.pdf Graphic file (
type pdf)

<use ../plot/SRF_weight_inflate_1.5_2_Res_0.02_simplearea_0.pdf>
<../plot/SRF_weight_inflate_1.5_2_Res_0.02_simplearea_1.pdf, id=88, 282.71623pt
 x 526.15572pt>
File: ../plot/SRF_weight_inflate_1.5_2_Res_0.02_simplearea_1.pdf Graphic file (
type pdf)

<use ../plot/SRF_weight_inflate_1.5_2_Res_0.02_simplearea_1.pdf> [3 <C:/Users/K
ang Sun/Documents/GitHub/Oversampling_matlab/plot/amt_fig9.png>] [4 <C:/Users/K
ang Sun/Documents/GitHub/Oversampling_matlab/plot/SRF_weight_inflate_1.5_2_Res_
0.1_simplearea_0.pdf> <C:/Users/Kang Sun/Documents/GitHub/Oversampling_matlab/p
lot/SRF_weight_inflate_1.5_2_Res_0.1_simplearea_1.pdf>] [5 <C:/Users/Kang Sun/D
ocuments/GitHub/Oversampling_matlab/plot/SRF_weight_inflate_1.5_2_Res_0.02_simp
learea_0.pdf> <C:/Users/Kang Sun/Documents/GitHub/Oversampling_matlab/plot/SRF_
weight_inflate_1.5_2_Res_0.02_simplearea_1.pdf>]
<../plot/L3_compare.pdf, id=148, 611.28375pt x 426.59375pt>
File: ../plot/L3_compare.pdf Graphic file (type pdf)

<use ../plot/L3_compare.pdf> [6 <C:/Users/Kang Sun/Documents/GitHub/Oversamplin
g_matlab/plot/L3_compare.pdf>]
("C:\Users\Kang Sun\Documents\GitHub\Oversampling_matlab\report\L2_to_L3.bbl")
Package atveryend Info: Empty hook `BeforeClearDocument' on input line 119.

[7

]
Package atveryend Info: Empty hook `AfterLastShipout' on input line 119.
 ("C:\Users\Kang Sun\Documents\GitHub\Oversampling_matlab\report\L2_to_L3.aux")
Package atveryend Info: Executing hook `AtVeryEndDocument' on input line 119.
Package rerunfilecheck Info: File `L2_to_L3.out' has not changed.
(rerunfilecheck)             Checksum: F2295836902485356C0FB02A0A65E8B6;299.
 ) 
Here is how much of TeX's memory you used:
 7915 strings out of 495362
 119034 string characters out of 3184023
 208496 words of memory out of 3000000
 10922 multiletter control sequences out of 15000+200000
 10096 words of font info for 37 fonts, out of 3000000 for 9000
 14 hyphenation exceptions out of 8191
 44i,11n,42p,680b,377s stack positions out of 5000i,500n,10000p,200000b,50000s
<C:/CTEX/MiKTeX/fonts/type1/public/amsfonts/cm/cmbx10.pfb><C:/CTEX/MiKTeX/fon
ts/type1/public/amsfonts/cm/cmbx12.pfb><C:/CTEX/MiKTeX/fonts/type1/public/amsfo
nts/cm/cmex10.pfb><C:/CTEX/MiKTeX/fonts/type1/public/amsfonts/cm/cmmi10.pfb><C:
/CTEX/MiKTeX/fonts/type1/public/amsfonts/cm/cmmi8.pfb><C:/CTEX/MiKTeX/fonts/typ
e1/public/amsfonts/cm/cmr10.pfb><C:/CTEX/MiKTeX/fonts/type1/public/amsfonts/cm/
cmr12.pfb><C:/CTEX/MiKTeX/fonts/type1/public/amsfonts/cm/cmr17.pfb><C:/CTEX/MiK
TeX/fonts/type1/public/amsfonts/cm/cmr8.pfb><C:/CTEX/MiKTeX/fonts/type1/public/
amsfonts/cm/cmsy10.pfb><C:/CTEX/MiKTeX/fonts/type1/public/amsfonts/cm/cmtt10.pf
b>
Output written on L2_to_L3.pdf (7 pages, 727035 bytes).
PDF statistics:
 215 PDF objects out of 1000 (max. 8388607)
 30 named destinations out of 1000 (max. 500000)
 86 words of extra memory for PDF output out of 10000 (max. 10000000)

